TSE,AAV.TO,Advantage Oil & Gas Ltd.,Energy
TSE,ARE.TO,Aecon Group Inc.,Industrials
TSE,AEM.TO,Agnico Eagle Mines Limited,Materials
TSE,AGU.TO,Agrium Inc.,Materials
TSE,AIM.TO,Aimia Inc.,Consumer Discretionary
TSE,AC.TO,Air Canada,Industrials
TSE,ASR.TO,Alacer Gold Corp.,Materials
TSE,AGI.TO,Alamos Gold Inc.,Materials
TSE,AD.TO,Alaris Royalty Corp.,Financials
TSE,AQN.TO,Algonquin Power & Utilities Corp.,Utilities
TSE,ATD.B.TO,Alimentation Couche-Tard Inc.,Consumer Staples
TSE,AP.UN.TO,Allied Properties Real Estate Investment Trust,Financials
TSE,ALA.TO,AltaGas Ltd.,Energy
TSE,AIF.TO,Altus Group Limited,Financials
TSE,AYA.TO,Amaya Inc.,Consumer Discretionary
TSE,ARX.TO,ARC Resources Ltd.,Energy
TSE,AX.UN.TO,Artis Real Estate Investment Trust,Financials
TSE,AKG.TO,Asanko Gold Inc.,Materials
TSE,ACO.X.TO,ATCO Ltd.,Utilities
TSE,ATA.TO,ATS Automation Tooling Systems Inc.,Industrials
TSE,BTO.TO,B2Gold Corp.,Materials
TSE,BAD.TO,Badger Daylighting Ltd.,Industrials
TSE,BMO.TO,Bank of Montreal,Financials
TSE,BNS.TO,Bank of Nova Scotia,Financials
TSE,ABX.TO,Barrick Gold Corporation,Materials
TSE,BTE.TO,Baytex Energy Corp.,Energy
TSE,BCE.TO,BCE Inc.,Telecommunication Services
TSE,BIR.TO,Birchcliff Energy Ltd.,Energy
TSE,BB.TO,BlackBerry Limited,Information Technology
TSE,BEI.UN.TO,Boardwalk Real Estate Investment Trust,Financials
TSE,BBD.B.TO,Bombardier Inc.,Industrials
TSE,BNP.TO,Bonavista Energy Corporation,Energy
TSE,BNE.TO,Bonterra Energy Corp.,Energy
TSE,BYD.UN.TO,Boyd Group Income Fund,Industrials
TSE,BAM.A.TO,Brookfield Asset Management Inc.,Financials
TSE,BBU.UN.TO,Brookfield Business Partners L.P.,Industrials
TSE,BPY.UN.TO,Brookfield Property Partners L.P.,Financials
TSE,BEP.UN.TO,Brookfield Renewable Partners L.P.,Utilities
TSE,DOO.TO,BRP Inc.,Consumer Discretionary
TSE,CAE.TO,CAE Inc.,Industrials
TSE,CCO.TO,Cameco Corporation,Energy
TSE,CAR.UN.TO,Canadian Apartment Properties Real Estate Investment Trust,Financials
TSE,CEU.TO,Canadian Energy Services & Technology Corp.,Energy
TSE,CM.TO,Canadian Imperial Bank of Commerce,Financials
TSE,CNR.TO,Canadian National Railway Company,Industrials
TSE,CNQ.TO,Canadian Natural Resources Limited,Energy
TSE,CP.TO,Canadian Pacific Railway Limited,Industrials
TSE,REF.UN.TO,Canadian Real Estate Investment Trust,Financials
TSE,CTC.A.TO,Canadian Tire Corporation Limited,Consumer Discretionary
TSE,CU.TO,Canadian Utilities Limited,Utilities
TSE,CWB.TO,Canadian Western Bank,Financials
TSE,CFP.TO,Canfor Corporation,Materials
TSE,CPX.TO,Capital Power Corporation,Utilities
TSE,CCL.B.TO,CCL Industries Inc.,Materials
TSE,CLS.TO,Celestica Inc.,Information Technology
TSE,CVE.TO,Cenovus Energy Inc.,Energy
TSE,CG.TO,Centerra Gold Inc.,Materials
TSE,GIB.A.TO,CGI Group Inc.,Information Technology
TSE,CSH.UN.TO,Chartwell Retirement Residences,Financials
TSE,CHE.UN.TO,Chemtrade Logistics Income Fund,Materials
TSE,CIX.TO,CI Financial Corp.,Financials
TSE,CGX.TO,Cineplex Inc.,Consumer Discretionary
TSE,CCA.TO,Cogeco Communications Inc.,Consumer Discretionary
TSE,CIG.TO,Colliers International Group Inc.,Financials
TSE,CUF.UN.TO,Cominar Real Estate Investment Trust,Financials
TSE,CMG.TO,Computer Modelling Group Ltd.,Information Technology
TSE,CSU.TO,Constellation Software Inc.,Information Technology
TSE,CJR.B.TO,Corus Entertainment Inc.,Consumer Discretionary
TSE,BCB.TO,Cott Corporation,Consumer Staples
TSE,CPG.TO,Crescent Point Energy Corp.,Energy
TSE,CR.TO,Crew Energy Inc.,Energy
TSE,CRR.UN.TO,Crombie Real Estate Investment Trust,Financials
TSE,DSG.TO,Descartes Systems Group Inc.,Information Technology
TSE,DGC.TO,Detour Gold Corporation,Materials
TSE,DH.TO,DH Corporation,Financials
TSE,DHX.B.TO,DHX Media Ltd.,Consumer Discretionary
TSE,DOL.TO,Dollarama Inc.,Consumer Discretionary
TSE,DDC.TO,Dominion Diamond Corporation,Materials
TSE,DII.B.TO,Dorel Industries Inc.,Consumer Discretionary
TSE,DRG.UN.TO,Dream Global Real Estate Investment Trust,Financials
TSE,D.UN.TO,Dream Office Real Estate Investment Trust,Financials
TSE,ECN.TO,ECN Capital Corp.,Financials
TSE,ELD.TO,Eldorado Gold Corporation,Materials
TSE,EFN.TO,Element Fleet Management Corp.,Financials
TSE,EMA.TO,Emera Incorporated,Utilities
TSE,EMP.A.TO,Empire Company Limited,Consumer Staples
TSE,ENB.TO,Enbridge Inc.,Energy
TSE,ENF.TO,Enbridge Income Fund Holdings Inc.,Energy
TSE,ECA.TO,Encana Corporation,Energy
TSE,EDV.TO,Endeavour Mining Corporation,Materials
TSE,ECI.TO,EnerCare Inc.,Industrials
TSE,EFX.TO,Enerflex Ltd.,Energy
TSE,ERF.TO,Enerplus Corporation,Energy
TSE,ESL.TO,Enghouse Systems Limited,Information Technology
TSE,ESI.TO,Ensign Energy Services Inc.,Energy
TSE,EIF.TO,Exchange Income Corporation,Aviation / Equipment
TSE,EXE.TO,Extendicare Inc.,Health Care
TSE,FFH.TO,Fairfax Financial Holdings Limited,Financials
TSE,FTT.TO,Finning International Inc.,Industrials
TSE,FCR.TO,First Capital Realty Inc.,Financials
TSE,FR.TO,First Majestic Silver Corp.,Materials
TSE,FM.TO,First Quantum Minerals Ltd.,Materials
TSE,FSV.TO,FirstService Corporation,Financials
TSE,FTS.TO,Fortis Inc.,Utilities
TSE,FNV.TO,Franco-Nevada Corporation,Materials
TSE,FRU.TO,Freehold Royalties Ltd.,Energy
TSE,MIC.TO,Genworth MI Canada Inc.,Financials
TSE,WN.TO,George Weston Limited,Consumer Staples
TSE,GEI.TO,Gibson Energy Inc.,Energy
TSE,GIL.TO,Gildan Activewear Inc.,Consumer Discretionary
TSE,G.TO,Goldcorp Inc.,Materials
TSE,GTE.TO,Gran Tierra Energy Inc.,Energy
TSE,GRT.UN.TO,Granite Real Estate Investment Trust,Financials
TSE,GC.TO,Great Canadian Gaming Corporation,Consumer Discretionary
TSE,GWO.TO,Great-West Lifeco Inc.,Financials
TSE,GUY.TO,Guyana Goldfields Inc.,Materials
TSE,HR.UN.TO,H&R Real Estate Investment Trust,Financials
TSE,HCG.TO,Home Capital Group Inc.,Financials
TSE,HBM.TO,HudBay Minerals Inc.,Materials
TSE,HBC.TO,Hudson's Bay Company,Consumer Discretionary
TSE,HSE.TO,Husky Energy Inc.,Energy
TSE,H.TO,Hydro One Limited,Utilities
TSE,IMG.TO,Iamgold Corporation,Materials
TSE,IGM.TO,IGM Financial Inc.,Financials
TSE,IMO.TO,Imperial Oil Limited,Energy
TSE,IAG.TO,Industrial Alliance Insurance and Financial Services Inc.,Financials
TSE,INE.TO,Innergex Renewable Energy Inc.,Utilities
TSE,IFC.TO,Intact Financial Corporation,Financials
TSE,IPL.TO,Inter Pipeline Ltd.,Energy
TSE,IFP.TO,Interfor Corporation,Materials
TSE,ITP.TO,Intertape Polymer Group Inc.,Materials
TSE,IVN.TO,Ivanhoe Mines Ltd.,Materials
TSE,PJC.A.TO,Jean Coutu Group Inc.,Consumer Staples
TSE,JE.TO,Just Energy Group Inc.,Utilities
TSE,KEL.TO,Kelt Exploration Ltd.,Energy
TSE,KEY.TO,Keyera Corp.,Energy
TSE,KXS.TO,Kinaxis Inc.,Information Technology
TSE,K.TO,Kinross Gold Corporation,Materials
TSE,KLG.TO,Kirkland Lake Gold Inc.,Materials
TSE,KDX.TO,Klondex Mines Ltd.,Materials
TSE,LIF.TO,Labrador Iron Ore Royalty Corporation,Materials
TSE,LB.TO,Laurentian Bank of Canada,Financials
TSE,LNR.TO,Linamar Corporation,Consumer Discretionary
TSE,L.TO,Loblaw Companies Limited,Consumer Staples
TSE,LUC.TO,Lucara Diamond Corp.,Materials
TSE,LUN.TO,Lundin Mining Corporation,Materials
TSE,MDA.TO,MacDonald Dettwiler and Associates Ltd.,Information Technology
TSE,MAG.TO,MAG Silver Corp.,Materials
TSE,MG.TO,Magna International Inc.,Consumer Discretionary
TSE,MBT.TO,Manitoba Telecom Services Inc.,Telecommunication Services
TSE,MFC.TO,Manulife Financial Corporation,Financials
TSE,MFI.TO,Maple Leaf Foods Inc.,Consumer Staples
TSE,MRE.TO,Martinrea International Inc.,Consumer Discretionary
TSE,MEG.TO,MEG Energy Corp.,Energy
TSE,MX.TO,Methanex Corporation,Materials
TSE,MRU.TO,Metro Inc.,Consumer Staples
TSE,MST.UN.TO,Milestone Apartments Real Estate Investment Trust,Financials
TSE,MNW.TO,Mitel Networks Corporation,Information Technology
TSE,MSI.TO,Morneau Shepell Inc.,Industrials
TSE,MTL.TO,Mullen Group Ltd.,Energy
TSE,NA.TO,National Bank of Canada,Financials
TSE,NSU.TO,Nevsun Resources Ltd.,Materials
TSE,NFI.TO,New Flyer Industries Inc.,Industrials
TSE,NGD.TO,New Gold Inc.,Materials
TSE,OSB.TO,Norbord Inc.,Materials
TSE,NPI.TO,Northland Power Inc.,Utilities
TSE,NVU.UN.TO,Northview Apartment Real Estate Investment Trust,Financials
TSE,NG.TO,NovaGold Resources Inc.,Materials
TSE,NVA.TO,NuVista Energy Ltd.,Energy
TSE,OGC.TO,OceanaGold Corporation,Materials
TSE,OCX.TO,Onex Corporation,Financials
TSE,OTC.TO,Open Text Corporation,Information Technology
TSE,OR.TO,Osisko Gold Royalties Ltd,Materials
TSE,PAA.TO,Pan American Silver Corp.,Materials
TSE,PXT.TO,Parex Resources Inc.,Energy
TSE,PKI.TO,Parkland Fuel Corporation,Energy
TSE,PSI.TO,Pason Systems Inc.,Energy
TSE,PPL.TO,Pembina Pipeline Corporation,Energy
TSE,PEY.TO,Peyto Exploration & Development Corp.,Energy
TSE,POT.TO,Potash Corporation of Saskatchewan Inc.,Materials
TSE,POW.TO,Power Corporation of Canada,Financials
TSE,PWF.TO,Power Financial Corporation,Financials
TSE,PSK.TO,PrairieSky Royalty Ltd.,Energy
TSE,PD.TO,Precision Drilling Corporation,Energy
TSE,PBH.TO,Premium Brands Holdings Corporation,Consumer Staples
TSE,PVG.TO,Pretium Resources Inc.,Materials
TSE,PLI.TO,ProMetic Life Sciences Inc.,Health Care
TSE,AAR.UN.TO,Pure Industrial Real Estate Trust,Financials
TSE,QBR.B.TO,Quebecor Inc.,Consumer Discretionary
TSE,RRX.TO,Raging River Exploration Inc.,Energy
TSE,QSR.TO,Restaurant Brands International Inc.,Consumer Discretionary
TSE,REI.UN.TO,RioCan Real Estate Investment Trust,Financials
TSE,RBA.TO,Ritchie Bros. Auctioneers Incorporated,Industrials
TSE,RCI.B.TO,Rogers Communications Inc.,Telecommunication Services
TSE,RY.TO,Royal Bank of Canada,Financials
TSE,RUS.TO,Russel Metals Inc.,Industrials
TSE,SSL.TO,Sandstorm Gold Ltd.,Materials
TSE,SAP.TO,Saputo Inc.,Consumer Staples
TSE,SES.TO,Secure Energy Services Inc.,Energy
TSE,SMF.TO,Semafo Inc.,Materials
TSE,VII.TO,Seven Generations Energy Ltd.,Energy
TSE,SJR.B.TO,Shaw Communications Inc.,Telecommunication Services
TSE,SCL.TO,ShawCor Ltd.,Energy
TSE,SW.TO,Sierra Wireless Inc.,Information Technology
TSE,SSO.TO,Silver Standard Resources Inc.,Materials
TSE,SLW.TO,Silver Wheaton Corp.,Materials
TSE,ZZZ.TO,Sleep Country Canada Holdings Inc.,Consumer Discretionary
TSE,SRU.UN.TO,Smart Real Estate Investment Trust,Financials
TSE,SNC.TO,SNC-Lavalin Group Inc.,Industrials
TSE,SPE.TO,Spartan Energy Corp.,Energy
TSE,STN.TO,Stantec Inc.,Industrials
TSE,SJ.TO,Stella-Jones Inc.,Materials
TSE,SLF.TO,Sun Life Financial Inc.,Financials
TSE,SU.TO,Suncor Energy Inc.,Energy
TSE,SPB.TO,Superior Plus Corp.,Industrials
TSE,SGY.TO,Surge Energy Inc.,Energy
TSE,THO.TO,Tahoe Resources Inc.,Materials
TSE,TCK.B.TO,Teck Resources Limited,Materials
TSE,T.TO,Telus Corporation,Telecommunication Services
TSE,IT.TO,The Intertain Group Limited,Consumer Discretionary
TSE,NWC.TO,The North West Company Inc.,Consumer Staples
TSE,TRI.TO,Thomson Reuters Corporation,Consumer Discretionary
TSE,X.TO,TMX Group Limited,Financials
TSE,TOG.TO,TORC Oil & Gas Ltd.,Energy
TSE,TXG.TO,Torex Gold Resources Inc.,Materials
TSE,TIH.TO,Toromont Industries Ltd.,Industrials
TSE,TD.TO,Toronto-Dominion Bank,Financials
TSE,TOU.TO,Tourmaline Oil Corp.,Energy
TSE,TA.TO,TransAlta Corporation,Utilities
TSE,RNW.TO,TransAlta Renewables Inc.,Utilities
TSE,TRP.TO,TransCanada Corporation,Energy
TSE,TCL.A.TO,Transcontinental Inc.,Industrials
TSE,TFI.TO,TransForce Inc.,Industrials
TSE,TCN.TO,Tricon Capital Group Inc.,Financials
TSE,TRQ.TO,Turquoise Hill Resources Ltd.,Materials
TSE,UNS.TO,Uni-Select Inc.,Consumer Discretionary
TSE,VRX.TO,Valeant Pharmaceuticals International Inc.,Health Care
TSE,VSN.TO,Veresen Inc.,Energy
TSE,VET.TO,Vermilion Energy Inc.,Energy
TSE,WCN.TO,Waste Connections Inc.,Industrials
TSE,WFT.TO,West Fraser Timber Co. Ltd.,Materials
TSE,WEF.TO,Western Forest Products Inc.,Materials
TSE,WJA.TO,WestJet Airlines Ltd.,Industrials
TSE,WTE.TO,Westshore Terminals Investment Corporation,Industrials
TSE,WCP.TO,Whitecap Resources Inc.,Energy
TSE,WPK.TO,Winpak Ltd.,Materials
TSE,WSP.TO,WSP Global Inc.,Industrials
TSE,YRI.TO,Yamana Gold Inc.,Materials
